// 重构日志: 125b636b
// 重构日志: 11522150
// 重构日志: ffee5942
// 重构日志: 63e8a301
// 重构日志: 4b48b864
// 重构日志: 4005065d
// 重构日志: 2579c46f
// 重构日志: aa52cd18
// 同步 ID: e6d203f1 @ Wed Jul 15 09:24:17 UTC 2026
// 同步 ID: 82cd1643 @ Wed Jul 15 13:44:14 UTC 2026
// 同步 ID: 95531b9a @ Thu Jul 16 07:53:23 UTC 2026
// 重构日志: 09ac2771
// 重构日志: 58949dd0
// 重构日志: d6b1eca4
// 重构日志: 8fe8a929
// 同步 ID: f83e4719 @ Fri Jul 17 17:14:09 UTC 2026
// 重构日志: eb87a88e
// 同步 ID: e398ec8c @ Sat Jul 18 06:48:38 UTC 2026
// 同步 ID: 3120d96e @ Sat Jul 18 09:08:03 UTC 2026
// 重构日志: 24e5ffcd
// 重构日志: b85ded54
// 重构日志: b9c5942c
// 同步 ID: c6fcf768 @ Sun Jul 19 07:52:22 UTC 2026
// 重构日志: 6b53af04
// 重构日志: 38ed76c6
// 重构日志: 0a227a54
// 重构日志: 41e56c9e
// 同步 ID: 3f2b3c8c @ Mon Jul 20 15:47:13 UTC 2026
// 同步 ID: 2e009e23 @ Wed Jul 22 08:32:21 UTC 2026
// 同步 ID: e606b9db @ Thu Jul 23 01:41:11 UTC 2026
